27.10.2024 - 08:00:01 - [TAB v5.0.0] Soft shutdown of thread TAB Processing Thread exceeded time limit of 500ms, forcing shutdown. This may cause issues.
27.10.2024 - 08:00:01 - [TAB v5.0.0] An error was thrown when executing task
27.10.2024 - 08:00:01 - java.lang.InterruptedException: null
27.10.2024 - 08:00:01 - 	at java.base/java.util.concurrent.locks.AbstractQueuedSynchronizer$ConditionObject.awaitNanos(AbstractQueuedSynchronizer.java:1744)
27.10.2024 - 08:00:01 - 	at java.base/java.util.concurrent.ThreadPoolExecutor.awaitTermination(ThreadPoolExecutor.java:1475)
27.10.2024 - 08:00:01 - 	at java.base/java.util.concurrent.Executors$DelegatedExecutorService.awaitTermination(Executors.java:780)
27.10.2024 - 08:00:01 - 	at me.neznamy.tab.shared.cpu.ThreadExecutor.shutdown(ThreadExecutor.java:38)
27.10.2024 - 08:00:01 - 	at me.neznamy.tab.shared.cpu.CpuManager.cancelAllTasks(CpuManager.java:78)
27.10.2024 - 08:00:01 - 	at me.neznamy.tab.shared.TAB.kill(TAB.java:229)
27.10.2024 - 08:00:01 - 	at me.neznamy.tab.shared.TAB.unload(TAB.java:217)
27.10.2024 - 08:00:01 - 	at me.neznamy.tab.platforms.velocity.VelocityTAB.lambda$onProxyShutdown$0(VelocityTAB.java:75)
27.10.2024 - 08:00:01 - 	at me.neznamy.tab.shared.cpu.CaughtTask.run(CaughtTask.java:18)
27.10.2024 - 08:00:01 - 	at java.base/java.util.concurrent.Executors$RunnableAdapter.call(Executors.java:572)
27.10.2024 - 08:00:01 - 	at java.base/java.util.concurrent.FutureTask.run(FutureTask.java:317)
27.10.2024 - 08:00:01 - 	at java.base/java.util.concurrent.ScheduledThreadPoolExecutor$ScheduledFutureTask.run(ScheduledThreadPoolExecutor.java:304)
27.10.2024 - 08:00:01 - 	at java.base/java.util.concurrent.ThreadPoolExecutor.runWorker(ThreadPoolExecutor.java:1144)
27.10.2024 - 08:00:01 - 	at java.base/java.util.concurrent.ThreadPoolExecutor$Worker.run(ThreadPoolExecutor.java:642)
27.10.2024 - 08:00:01 - 	at java.base/java.lang.Thread.run(Thread.java:1583)
27.10.2024 - 12:00:02 - [TAB v5.0.0] Soft shutdown of thread TAB Processing Thread exceeded time limit of 500ms, forcing shutdown. This may cause issues.
27.10.2024 - 12:00:02 - [TAB v5.0.0] An error was thrown when executing task
27.10.2024 - 12:00:02 - java.lang.InterruptedException: null
27.10.2024 - 12:00:02 - 	at java.base/java.util.concurrent.locks.AbstractQueuedSynchronizer$ConditionObject.awaitNanos(AbstractQueuedSynchronizer.java:1744)
27.10.2024 - 12:00:02 - 	at java.base/java.util.concurrent.ThreadPoolExecutor.awaitTermination(ThreadPoolExecutor.java:1475)
27.10.2024 - 12:00:02 - 	at java.base/java.util.concurrent.Executors$DelegatedExecutorService.awaitTermination(Executors.java:780)
27.10.2024 - 12:00:02 - 	at me.neznamy.tab.shared.cpu.ThreadExecutor.shutdown(ThreadExecutor.java:38)
27.10.2024 - 12:00:02 - 	at me.neznamy.tab.shared.cpu.CpuManager.cancelAllTasks(CpuManager.java:78)
27.10.2024 - 12:00:02 - 	at me.neznamy.tab.shared.TAB.kill(TAB.java:229)
27.10.2024 - 12:00:02 - 	at me.neznamy.tab.shared.TAB.unload(TAB.java:217)
27.10.2024 - 12:00:02 - 	at me.neznamy.tab.platforms.velocity.VelocityTAB.lambda$onProxyShutdown$0(VelocityTAB.java:75)
27.10.2024 - 12:00:02 - 	at me.neznamy.tab.shared.cpu.CaughtTask.run(CaughtTask.java:18)
27.10.2024 - 12:00:02 - 	at java.base/java.util.concurrent.Executors$RunnableAdapter.call(Executors.java:572)
27.10.2024 - 12:00:02 - 	at java.base/java.util.concurrent.FutureTask.run(FutureTask.java:317)
27.10.2024 - 12:00:02 - 	at java.base/java.util.concurrent.ScheduledThreadPoolExecutor$ScheduledFutureTask.run(ScheduledThreadPoolExecutor.java:304)
27.10.2024 - 12:00:02 - 	at java.base/java.util.concurrent.ThreadPoolExecutor.runWorker(ThreadPoolExecutor.java:1144)
27.10.2024 - 12:00:02 - 	at java.base/java.util.concurrent.ThreadPoolExecutor$Worker.run(ThreadPoolExecutor.java:642)
27.10.2024 - 12:00:02 - 	at java.base/java.lang.Thread.run(Thread.java:1583)
27.10.2024 - 14:00:02 - [TAB v5.0.0] Soft shutdown of thread TAB Processing Thread exceeded time limit of 500ms, forcing shutdown. This may cause issues.
27.10.2024 - 14:00:02 - [TAB v5.0.0] An error was thrown when executing task
27.10.2024 - 14:00:02 - java.lang.InterruptedException: null
27.10.2024 - 14:00:02 - 	at java.base/java.util.concurrent.locks.AbstractQueuedSynchronizer$ConditionObject.awaitNanos(AbstractQueuedSynchronizer.java:1744)
27.10.2024 - 14:00:02 - 	at java.base/java.util.concurrent.ThreadPoolExecutor.awaitTermination(ThreadPoolExecutor.java:1475)
27.10.2024 - 14:00:02 - 	at java.base/java.util.concurrent.Executors$DelegatedExecutorService.awaitTermination(Executors.java:780)
27.10.2024 - 14:00:02 - 	at me.neznamy.tab.shared.cpu.ThreadExecutor.shutdown(ThreadExecutor.java:38)
27.10.2024 - 14:00:02 - 	at me.neznamy.tab.shared.cpu.CpuManager.cancelAllTasks(CpuManager.java:78)
27.10.2024 - 14:00:02 - 	at me.neznamy.tab.shared.TAB.kill(TAB.java:229)
27.10.2024 - 14:00:02 - 	at me.neznamy.tab.shared.TAB.unload(TAB.java:217)
27.10.2024 - 14:00:02 - 	at me.neznamy.tab.platforms.velocity.VelocityTAB.lambda$onProxyShutdown$0(VelocityTAB.java:75)
27.10.2024 - 14:00:02 - 	at me.neznamy.tab.shared.cpu.CaughtTask.run(CaughtTask.java:18)
27.10.2024 - 14:00:02 - 	at java.base/java.util.concurrent.Executors$RunnableAdapter.call(Executors.java:572)
27.10.2024 - 14:00:02 - 	at java.base/java.util.concurrent.FutureTask.run(FutureTask.java:317)
27.10.2024 - 14:00:02 - 	at java.base/java.util.concurrent.ScheduledThreadPoolExecutor$ScheduledFutureTask.run(ScheduledThreadPoolExecutor.java:304)
27.10.2024 - 14:00:02 - 	at java.base/java.util.concurrent.ThreadPoolExecutor.runWorker(ThreadPoolExecutor.java:1144)
27.10.2024 - 14:00:02 - 	at java.base/java.util.concurrent.ThreadPoolExecutor$Worker.run(ThreadPoolExecutor.java:642)
27.10.2024 - 14:00:02 - 	at java.base/java.lang.Thread.run(Thread.java:1583)
27.10.2024 - 19:00:01 - [TAB v5.0.0] Soft shutdown of thread TAB Processing Thread exceeded time limit of 500ms, forcing shutdown. This may cause issues.
27.10.2024 - 19:00:01 - [TAB v5.0.0] An error was thrown when executing task
27.10.2024 - 19:00:01 - java.lang.InterruptedException: null
27.10.2024 - 19:00:01 - 	at java.base/java.util.concurrent.locks.AbstractQueuedSynchronizer$ConditionObject.awaitNanos(AbstractQueuedSynchronizer.java:1744)
27.10.2024 - 19:00:01 - 	at java.base/java.util.concurrent.ThreadPoolExecutor.awaitTermination(ThreadPoolExecutor.java:1475)
27.10.2024 - 19:00:01 - 	at java.base/java.util.concurrent.Executors$DelegatedExecutorService.awaitTermination(Executors.java:780)
27.10.2024 - 19:00:01 - 	at me.neznamy.tab.shared.cpu.ThreadExecutor.shutdown(ThreadExecutor.java:38)
27.10.2024 - 19:00:01 - 	at me.neznamy.tab.shared.cpu.CpuManager.cancelAllTasks(CpuManager.java:78)
27.10.2024 - 19:00:01 - 	at me.neznamy.tab.shared.TAB.kill(TAB.java:229)
27.10.2024 - 19:00:01 - 	at me.neznamy.tab.shared.TAB.unload(TAB.java:217)
27.10.2024 - 19:00:01 - 	at me.neznamy.tab.platforms.velocity.VelocityTAB.lambda$onProxyShutdown$0(VelocityTAB.java:75)
27.10.2024 - 19:00:01 - 	at me.neznamy.tab.shared.cpu.CaughtTask.run(CaughtTask.java:18)
27.10.2024 - 19:00:01 - 	at java.base/java.util.concurrent.Executors$RunnableAdapter.call(Executors.java:572)
27.10.2024 - 19:00:01 - 	at java.base/java.util.concurrent.FutureTask.run(FutureTask.java:317)
27.10.2024 - 19:00:01 - 	at java.base/java.util.concurrent.ScheduledThreadPoolExecutor$ScheduledFutureTask.run(ScheduledThreadPoolExecutor.java:304)
27.10.2024 - 19:00:01 - 	at java.base/java.util.concurrent.ThreadPoolExecutor.runWorker(ThreadPoolExecutor.java:1144)
27.10.2024 - 19:00:01 - 	at java.base/java.util.concurrent.ThreadPoolExecutor$Worker.run(ThreadPoolExecutor.java:642)
27.10.2024 - 19:00:01 - 	at java.base/java.lang.Thread.run(Thread.java:1583)
28.10.2024 - 00:00:01 - [TAB v5.0.0] Soft shutdown of thread TAB Processing Thread exceeded time limit of 500ms, forcing shutdown. This may cause issues.
28.10.2024 - 00:00:01 - [TAB v5.0.0] An error was thrown when executing task
28.10.2024 - 00:00:01 - java.lang.InterruptedException: null
28.10.2024 - 00:00:01 - 	at java.base/java.util.concurrent.locks.AbstractQueuedSynchronizer$ConditionObject.awaitNanos(AbstractQueuedSynchronizer.java:1744)
28.10.2024 - 00:00:01 - 	at java.base/java.util.concurrent.ThreadPoolExecutor.awaitTermination(ThreadPoolExecutor.java:1475)
28.10.2024 - 00:00:01 - 	at java.base/java.util.concurrent.Executors$DelegatedExecutorService.awaitTermination(Executors.java:780)
28.10.2024 - 00:00:01 - 	at me.neznamy.tab.shared.cpu.ThreadExecutor.shutdown(ThreadExecutor.java:38)
28.10.2024 - 00:00:01 - 	at me.neznamy.tab.shared.cpu.CpuManager.cancelAllTasks(CpuManager.java:78)
28.10.2024 - 00:00:01 - 	at me.neznamy.tab.shared.TAB.kill(TAB.java:229)
28.10.2024 - 00:00:01 - 	at me.neznamy.tab.shared.TAB.unload(TAB.java:217)
28.10.2024 - 00:00:01 - 	at me.neznamy.tab.platforms.velocity.VelocityTAB.lambda$onProxyShutdown$0(VelocityTAB.java:75)
28.10.2024 - 00:00:01 - 	at me.neznamy.tab.shared.cpu.CaughtTask.run(CaughtTask.java:18)
28.10.2024 - 00:00:01 - 	at java.base/java.util.concurrent.Executors$RunnableAdapter.call(Executors.java:572)
28.10.2024 - 00:00:01 - 	at java.base/java.util.concurrent.FutureTask.run(FutureTask.java:317)
28.10.2024 - 00:00:01 - 	at java.base/java.util.concurrent.ScheduledThreadPoolExecutor$ScheduledFutureTask.run(ScheduledThreadPoolExecutor.java:304)
28.10.2024 - 00:00:01 - 	at java.base/java.util.concurrent.ThreadPoolExecutor.runWorker(ThreadPoolExecutor.java:1144)
28.10.2024 - 00:00:01 - 	at java.base/java.util.concurrent.ThreadPoolExecutor$Worker.run(ThreadPoolExecutor.java:642)
28.10.2024 - 00:00:01 - 	at java.base/java.lang.Thread.run(Thread.java:1583)
28.10.2024 - 04:00:02 - [TAB v5.0.0] Soft shutdown of thread TAB Processing Thread exceeded time limit of 500ms, forcing shutdown. This may cause issues.
28.10.2024 - 04:00:02 - [TAB v5.0.0] An error was thrown when executing task
28.10.2024 - 04:00:02 - java.lang.InterruptedException: null
28.10.2024 - 04:00:02 - 	at java.base/java.util.concurrent.locks.AbstractQueuedSynchronizer$ConditionObject.awaitNanos(AbstractQueuedSynchronizer.java:1744)
28.10.2024 - 04:00:02 - 	at java.base/java.util.concurrent.ThreadPoolExecutor.awaitTermination(ThreadPoolExecutor.java:1475)
28.10.2024 - 04:00:02 - 	at java.base/java.util.concurrent.Executors$DelegatedExecutorService.awaitTermination(Executors.java:780)
28.10.2024 - 04:00:02 - 	at me.neznamy.tab.shared.cpu.ThreadExecutor.shutdown(ThreadExecutor.java:38)
28.10.2024 - 04:00:02 - 	at me.neznamy.tab.shared.cpu.CpuManager.cancelAllTasks(CpuManager.java:78)
28.10.2024 - 04:00:02 - 	at me.neznamy.tab.shared.TAB.kill(TAB.java:229)
28.10.2024 - 04:00:02 - 	at me.neznamy.tab.shared.TAB.unload(TAB.java:217)
28.10.2024 - 04:00:02 - 	at me.neznamy.tab.platforms.velocity.VelocityTAB.lambda$onProxyShutdown$0(VelocityTAB.java:75)
28.10.2024 - 04:00:02 - 	at me.neznamy.tab.shared.cpu.CaughtTask.run(CaughtTask.java:18)
28.10.2024 - 04:00:02 - 	at java.base/java.util.concurrent.Executors$RunnableAdapter.call(Executors.java:572)
28.10.2024 - 04:00:02 - 	at java.base/java.util.concurrent.FutureTask.run(FutureTask.java:317)
28.10.2024 - 04:00:02 - 	at java.base/java.util.concurrent.ScheduledThreadPoolExecutor$ScheduledFutureTask.run(ScheduledThreadPoolExecutor.java:304)
28.10.2024 - 04:00:02 - 	at java.base/java.util.concurrent.ThreadPoolExecutor.runWorker(ThreadPoolExecutor.java:1144)
28.10.2024 - 04:00:02 - 	at java.base/java.util.concurrent.ThreadPoolExecutor$Worker.run(ThreadPoolExecutor.java:642)
28.10.2024 - 04:00:02 - 	at java.base/java.lang.Thread.run(Thread.java:1583)
28.10.2024 - 08:00:01 - [TAB v5.0.0] Soft shutdown of thread TAB Processing Thread exceeded time limit of 500ms, forcing shutdown. This may cause issues.
28.10.2024 - 08:00:01 - [TAB v5.0.0] An error was thrown when executing task
28.10.2024 - 08:00:01 - java.lang.InterruptedException: null
28.10.2024 - 08:00:01 - 	at java.base/java.util.concurrent.locks.AbstractQueuedSynchronizer$ConditionObject.awaitNanos(AbstractQueuedSynchronizer.java:1744)
28.10.2024 - 08:00:01 - 	at java.base/java.util.concurrent.ThreadPoolExecutor.awaitTermination(ThreadPoolExecutor.java:1475)
28.10.2024 - 08:00:01 - 	at java.base/java.util.concurrent.Executors$DelegatedExecutorService.awaitTermination(Executors.java:780)
28.10.2024 - 08:00:01 - 	at me.neznamy.tab.shared.cpu.ThreadExecutor.shutdown(ThreadExecutor.java:38)
28.10.2024 - 08:00:01 - 	at me.neznamy.tab.shared.cpu.CpuManager.cancelAllTasks(CpuManager.java:78)
28.10.2024 - 08:00:01 - 	at me.neznamy.tab.shared.TAB.kill(TAB.java:229)
28.10.2024 - 08:00:01 - 	at me.neznamy.tab.shared.TAB.unload(TAB.java:217)
28.10.2024 - 08:00:01 - 	at me.neznamy.tab.platforms.velocity.VelocityTAB.lambda$onProxyShutdown$0(VelocityTAB.java:75)
28.10.2024 - 08:00:01 - 	at me.neznamy.tab.shared.cpu.CaughtTask.run(CaughtTask.java:18)
28.10.2024 - 08:00:01 - 	at java.base/java.util.concurrent.Executors$RunnableAdapter.call(Executors.java:572)
28.10.2024 - 08:00:01 - 	at java.base/java.util.concurrent.FutureTask.run(FutureTask.java:317)
28.10.2024 - 08:00:01 - 	at java.base/java.util.concurrent.ScheduledThreadPoolExecutor$ScheduledFutureTask.run(ScheduledThreadPoolExecutor.java:304)
28.10.2024 - 08:00:01 - 	at java.base/java.util.concurrent.ThreadPoolExecutor.runWorker(ThreadPoolExecutor.java:1144)
28.10.2024 - 08:00:01 - 	at java.base/java.util.concurrent.ThreadPoolExecutor$Worker.run(ThreadPoolExecutor.java:642)
28.10.2024 - 08:00:01 - 	at java.base/java.lang.Thread.run(Thread.java:1583)
28.10.2024 - 12:00:02 - [TAB v5.0.0] Soft shutdown of thread TAB Processing Thread exceeded time limit of 500ms, forcing shutdown. This may cause issues.
28.10.2024 - 12:00:02 - [TAB v5.0.0] An error was thrown when executing task
28.10.2024 - 12:00:02 - java.lang.InterruptedException: null
28.10.2024 - 12:00:02 - 	at java.base/java.util.concurrent.locks.AbstractQueuedSynchronizer$ConditionObject.awaitNanos(AbstractQueuedSynchronizer.java:1744)
28.10.2024 - 12:00:02 - 	at java.base/java.util.concurrent.ThreadPoolExecutor.awaitTermination(ThreadPoolExecutor.java:1475)
28.10.2024 - 12:00:02 - 	at java.base/java.util.concurrent.Executors$DelegatedExecutorService.awaitTermination(Executors.java:780)
28.10.2024 - 12:00:02 - 	at me.neznamy.tab.shared.cpu.ThreadExecutor.shutdown(ThreadExecutor.java:38)
28.10.2024 - 12:00:02 - 	at me.neznamy.tab.shared.cpu.CpuManager.cancelAllTasks(CpuManager.java:78)
28.10.2024 - 12:00:02 - 	at me.neznamy.tab.shared.TAB.kill(TAB.java:229)
28.10.2024 - 12:00:02 - 	at me.neznamy.tab.shared.TAB.unload(TAB.java:217)
28.10.2024 - 12:00:02 - 	at me.neznamy.tab.platforms.velocity.VelocityTAB.lambda$onProxyShutdown$0(VelocityTAB.java:75)
28.10.2024 - 12:00:02 - 	at me.neznamy.tab.shared.cpu.CaughtTask.run(CaughtTask.java:18)
28.10.2024 - 12:00:02 - 	at java.base/java.util.concurrent.Executors$RunnableAdapter.call(Executors.java:572)
28.10.2024 - 12:00:02 - 	at java.base/java.util.concurrent.FutureTask.run(FutureTask.java:317)
28.10.2024 - 12:00:02 - 	at java.base/java.util.concurrent.ScheduledThreadPoolExecutor$ScheduledFutureTask.run(ScheduledThreadPoolExecutor.java:304)
28.10.2024 - 12:00:02 - 	at java.base/java.util.concurrent.ThreadPoolExecutor.runWorker(ThreadPoolExecutor.java:1144)
28.10.2024 - 12:00:02 - 	at java.base/java.util.concurrent.ThreadPoolExecutor$Worker.run(ThreadPoolExecutor.java:642)
28.10.2024 - 12:00:02 - 	at java.base/java.lang.Thread.run(Thread.java:1583)
28.10.2024 - 14:00:02 - [TAB v5.0.0] Soft shutdown of thread TAB Processing Thread exceeded time limit of 500ms, forcing shutdown. This may cause issues.
28.10.2024 - 14:00:02 - [TAB v5.0.0] An error was thrown when executing task
28.10.2024 - 14:00:02 - java.lang.InterruptedException: null
28.10.2024 - 14:00:02 - 	at java.base/java.util.concurrent.locks.AbstractQueuedSynchronizer$ConditionObject.awaitNanos(AbstractQueuedSynchronizer.java:1744)
28.10.2024 - 14:00:02 - 	at java.base/java.util.concurrent.ThreadPoolExecutor.awaitTermination(ThreadPoolExecutor.java:1475)
28.10.2024 - 14:00:02 - 	at java.base/java.util.concurrent.Executors$DelegatedExecutorService.awaitTermination(Executors.java:780)
28.10.2024 - 14:00:02 - 	at me.neznamy.tab.shared.cpu.ThreadExecutor.shutdown(ThreadExecutor.java:38)
28.10.2024 - 14:00:02 - 	at me.neznamy.tab.shared.cpu.CpuManager.cancelAllTasks(CpuManager.java:78)
28.10.2024 - 14:00:02 - 	at me.neznamy.tab.shared.TAB.kill(TAB.java:229)
28.10.2024 - 14:00:02 - 	at me.neznamy.tab.shared.TAB.unload(TAB.java:217)
28.10.2024 - 14:00:02 - 	at me.neznamy.tab.platforms.velocity.VelocityTAB.lambda$onProxyShutdown$0(VelocityTAB.java:75)
28.10.2024 - 14:00:02 - 	at me.neznamy.tab.shared.cpu.CaughtTask.run(CaughtTask.java:18)
28.10.2024 - 14:00:02 - 	at java.base/java.util.concurrent.Executors$RunnableAdapter.call(Executors.java:572)
28.10.2024 - 14:00:02 - 	at java.base/java.util.concurrent.FutureTask.run(FutureTask.java:317)
28.10.2024 - 14:00:02 - 	at java.base/java.util.concurrent.ScheduledThreadPoolExecutor$ScheduledFutureTask.run(ScheduledThreadPoolExecutor.java:304)
28.10.2024 - 14:00:02 - 	at java.base/java.util.concurrent.ThreadPoolExecutor.runWorker(ThreadPoolExecutor.java:1144)
28.10.2024 - 14:00:02 - 	at java.base/java.util.concurrent.ThreadPoolExecutor$Worker.run(ThreadPoolExecutor.java:642)
28.10.2024 - 14:00:02 - 	at java.base/java.lang.Thread.run(Thread.java:1583)
28.10.2024 - 19:00:01 - [TAB v5.0.0] Soft shutdown of thread TAB Processing Thread exceeded time limit of 500ms, forcing shutdown. This may cause issues.
28.10.2024 - 19:00:01 - [TAB v5.0.0] An error was thrown when executing task
28.10.2024 - 19:00:01 - java.lang.InterruptedException: null
28.10.2024 - 19:00:01 - 	at java.base/java.util.concurrent.locks.AbstractQueuedSynchronizer$ConditionObject.awaitNanos(AbstractQueuedSynchronizer.java:1744)
28.10.2024 - 19:00:01 - 	at java.base/java.util.concurrent.ThreadPoolExecutor.awaitTermination(ThreadPoolExecutor.java:1475)
28.10.2024 - 19:00:01 - 	at java.base/java.util.concurrent.Executors$DelegatedExecutorService.awaitTermination(Executors.java:780)
28.10.2024 - 19:00:01 - 	at me.neznamy.tab.shared.cpu.ThreadExecutor.shutdown(ThreadExecutor.java:38)
28.10.2024 - 19:00:01 - 	at me.neznamy.tab.shared.cpu.CpuManager.cancelAllTasks(CpuManager.java:78)
28.10.2024 - 19:00:01 - 	at me.neznamy.tab.shared.TAB.kill(TAB.java:229)
28.10.2024 - 19:00:01 - 	at me.neznamy.tab.shared.TAB.unload(TAB.java:217)
28.10.2024 - 19:00:01 - 	at me.neznamy.tab.platforms.velocity.VelocityTAB.lambda$onProxyShutdown$0(VelocityTAB.java:75)
28.10.2024 - 19:00:01 - 	at me.neznamy.tab.shared.cpu.CaughtTask.run(CaughtTask.java:18)
28.10.2024 - 19:00:01 - 	at java.base/java.util.concurrent.Executors$RunnableAdapter.call(Executors.java:572)
28.10.2024 - 19:00:01 - 	at java.base/java.util.concurrent.FutureTask.run(FutureTask.java:317)
28.10.2024 - 19:00:01 - 	at java.base/java.util.concurrent.ScheduledThreadPoolExecutor$ScheduledFutureTask.run(ScheduledThreadPoolExecutor.java:304)
28.10.2024 - 19:00:01 - 	at java.base/java.util.concurrent.ThreadPoolExecutor.runWorker(ThreadPoolExecutor.java:1144)
28.10.2024 - 19:00:01 - 	at java.base/java.util.concurrent.ThreadPoolExecutor$Worker.run(ThreadPoolExecutor.java:642)
28.10.2024 - 19:00:01 - 	at java.base/java.lang.Thread.run(Thread.java:1583)
29.10.2024 - 00:00:02 - [TAB v5.0.0] Soft shutdown of thread TAB Processing Thread exceeded time limit of 500ms, forcing shutdown. This may cause issues.
29.10.2024 - 00:00:02 - [TAB v5.0.0] An error was thrown when executing task
29.10.2024 - 00:00:02 - java.lang.InterruptedException: null
29.10.2024 - 00:00:02 - 	at java.base/java.util.concurrent.locks.AbstractQueuedSynchronizer$ConditionObject.awaitNanos(AbstractQueuedSynchronizer.java:1744)
29.10.2024 - 00:00:02 - 	at java.base/java.util.concurrent.ThreadPoolExecutor.awaitTermination(ThreadPoolExecutor.java:1475)
29.10.2024 - 00:00:02 - 	at java.base/java.util.concurrent.Executors$DelegatedExecutorService.awaitTermination(Executors.java:780)
29.10.2024 - 00:00:02 - 	at me.neznamy.tab.shared.cpu.ThreadExecutor.shutdown(ThreadExecutor.java:38)
29.10.2024 - 00:00:02 - 	at me.neznamy.tab.shared.cpu.CpuManager.cancelAllTasks(CpuManager.java:78)
29.10.2024 - 00:00:02 - 	at me.neznamy.tab.shared.TAB.kill(TAB.java:229)
29.10.2024 - 00:00:02 - 	at me.neznamy.tab.shared.TAB.unload(TAB.java:217)
29.10.2024 - 00:00:02 - 	at me.neznamy.tab.platforms.velocity.VelocityTAB.lambda$onProxyShutdown$0(VelocityTAB.java:75)
29.10.2024 - 00:00:02 - 	at me.neznamy.tab.shared.cpu.CaughtTask.run(CaughtTask.java:18)
29.10.2024 - 00:00:02 - 	at java.base/java.util.concurrent.Executors$RunnableAdapter.call(Executors.java:572)
29.10.2024 - 00:00:02 - 	at java.base/java.util.concurrent.FutureTask.run(FutureTask.java:317)
29.10.2024 - 00:00:02 - 	at java.base/java.util.concurrent.ScheduledThreadPoolExecutor$ScheduledFutureTask.run(ScheduledThreadPoolExecutor.java:304)
29.10.2024 - 00:00:02 - 	at java.base/java.util.concurrent.ThreadPoolExecutor.runWorker(ThreadPoolExecutor.java:1144)
29.10.2024 - 00:00:02 - 	at java.base/java.util.concurrent.ThreadPoolExecutor$Worker.run(ThreadPoolExecutor.java:642)
29.10.2024 - 00:00:02 - 	at java.base/java.lang.Thread.run(Thread.java:1583)
29.10.2024 - 12:00:02 - [TAB v5.0.0] Soft shutdown of thread TAB Processing Thread exceeded time limit of 500ms, forcing shutdown. This may cause issues.
29.10.2024 - 12:00:02 - [TAB v5.0.0] An error was thrown when executing task
29.10.2024 - 12:00:02 - java.lang.InterruptedException: null
29.10.2024 - 12:00:02 - 	at java.base/java.util.concurrent.locks.AbstractQueuedSynchronizer$ConditionObject.awaitNanos(AbstractQueuedSynchronizer.java:1744)
29.10.2024 - 12:00:02 - 	at java.base/java.util.concurrent.ThreadPoolExecutor.awaitTermination(ThreadPoolExecutor.java:1475)
29.10.2024 - 12:00:02 - 	at java.base/java.util.concurrent.Executors$DelegatedExecutorService.awaitTermination(Executors.java:780)
29.10.2024 - 12:00:02 - 	at me.neznamy.tab.shared.cpu.ThreadExecutor.shutdown(ThreadExecutor.java:38)
29.10.2024 - 12:00:02 - 	at me.neznamy.tab.shared.cpu.CpuManager.cancelAllTasks(CpuManager.java:78)
29.10.2024 - 12:00:02 - 	at me.neznamy.tab.shared.TAB.kill(TAB.java:229)
29.10.2024 - 12:00:02 - 	at me.neznamy.tab.shared.TAB.unload(TAB.java:217)
29.10.2024 - 12:00:02 - 	at me.neznamy.tab.platforms.velocity.VelocityTAB.lambda$onProxyShutdown$0(VelocityTAB.java:75)
29.10.2024 - 12:00:02 - 	at me.neznamy.tab.shared.cpu.CaughtTask.run(CaughtTask.java:18)
29.10.2024 - 12:00:02 - 	at java.base/java.util.concurrent.Executors$RunnableAdapter.call(Executors.java:572)
29.10.2024 - 12:00:02 - 	at java.base/java.util.concurrent.FutureTask.run(FutureTask.java:317)
29.10.2024 - 12:00:02 - 	at java.base/java.util.concurrent.ScheduledThreadPoolExecutor$ScheduledFutureTask.run(ScheduledThreadPoolExecutor.java:304)
29.10.2024 - 12:00:02 - 	at java.base/java.util.concurrent.ThreadPoolExecutor.runWorker(ThreadPoolExecutor.java:1144)
29.10.2024 - 12:00:02 - 	at java.base/java.util.concurrent.ThreadPoolExecutor$Worker.run(ThreadPoolExecutor.java:642)
29.10.2024 - 12:00:02 - 	at java.base/java.lang.Thread.run(Thread.java:1583)
29.10.2024 - 14:00:01 - [TAB v5.0.0] Soft shutdown of thread TAB Processing Thread exceeded time limit of 500ms, forcing shutdown. This may cause issues.
29.10.2024 - 14:00:01 - [TAB v5.0.0] An error was thrown when executing task
29.10.2024 - 14:00:01 - java.lang.InterruptedException: null
29.10.2024 - 14:00:01 - 	at java.base/java.util.concurrent.locks.AbstractQueuedSynchronizer$ConditionObject.awaitNanos(AbstractQueuedSynchronizer.java:1744)
29.10.2024 - 14:00:01 - 	at java.base/java.util.concurrent.ThreadPoolExecutor.awaitTermination(ThreadPoolExecutor.java:1475)
29.10.2024 - 14:00:01 - 	at java.base/java.util.concurrent.Executors$DelegatedExecutorService.awaitTermination(Executors.java:780)
29.10.2024 - 14:00:01 - 	at me.neznamy.tab.shared.cpu.ThreadExecutor.shutdown(ThreadExecutor.java:38)
29.10.2024 - 14:00:01 - 	at me.neznamy.tab.shared.cpu.CpuManager.cancelAllTasks(CpuManager.java:78)
29.10.2024 - 14:00:01 - 	at me.neznamy.tab.shared.TAB.kill(TAB.java:229)
29.10.2024 - 14:00:01 - 	at me.neznamy.tab.shared.TAB.unload(TAB.java:217)
29.10.2024 - 14:00:01 - 	at me.neznamy.tab.platforms.velocity.VelocityTAB.lambda$onProxyShutdown$0(VelocityTAB.java:75)
29.10.2024 - 14:00:01 - 	at me.neznamy.tab.shared.cpu.CaughtTask.run(CaughtTask.java:18)
29.10.2024 - 14:00:01 - 	at java.base/java.util.concurrent.Executors$RunnableAdapter.call(Executors.java:572)
29.10.2024 - 14:00:01 - 	at java.base/java.util.concurrent.FutureTask.run(FutureTask.java:317)
29.10.2024 - 14:00:01 - 	at java.base/java.util.concurrent.ScheduledThreadPoolExecutor$ScheduledFutureTask.run(ScheduledThreadPoolExecutor.java:304)
29.10.2024 - 14:00:01 - 	at java.base/java.util.concurrent.ThreadPoolExecutor.runWorker(ThreadPoolExecutor.java:1144)
29.10.2024 - 14:00:01 - 	at java.base/java.util.concurrent.ThreadPoolExecutor$Worker.run(ThreadPoolExecutor.java:642)
29.10.2024 - 14:00:01 - 	at java.base/java.lang.Thread.run(Thread.java:1583)
29.10.2024 - 19:00:02 - [TAB v5.0.0] Soft shutdown of thread TAB Processing Thread exceeded time limit of 500ms, forcing shutdown. This may cause issues.
29.10.2024 - 19:00:02 - [TAB v5.0.0] An error was thrown when executing task
29.10.2024 - 19:00:02 - java.lang.InterruptedException: null
29.10.2024 - 19:00:02 - 	at java.base/java.util.concurrent.locks.AbstractQueuedSynchronizer$ConditionObject.awaitNanos(AbstractQueuedSynchronizer.java:1744)
29.10.2024 - 19:00:02 - 	at java.base/java.util.concurrent.ThreadPoolExecutor.awaitTermination(ThreadPoolExecutor.java:1475)
29.10.2024 - 19:00:02 - 	at java.base/java.util.concurrent.Executors$DelegatedExecutorService.awaitTermination(Executors.java:780)
29.10.2024 - 19:00:02 - 	at me.neznamy.tab.shared.cpu.ThreadExecutor.shutdown(ThreadExecutor.java:38)
29.10.2024 - 19:00:02 - 	at me.neznamy.tab.shared.cpu.CpuManager.cancelAllTasks(CpuManager.java:78)
29.10.2024 - 19:00:02 - 	at me.neznamy.tab.shared.TAB.kill(TAB.java:229)
29.10.2024 - 19:00:02 - 	at me.neznamy.tab.shared.TAB.unload(TAB.java:217)
29.10.2024 - 19:00:02 - 	at me.neznamy.tab.platforms.velocity.VelocityTAB.lambda$onProxyShutdown$0(VelocityTAB.java:75)
29.10.2024 - 19:00:02 - 	at me.neznamy.tab.shared.cpu.CaughtTask.run(CaughtTask.java:18)
29.10.2024 - 19:00:02 - 	at java.base/java.util.concurrent.Executors$RunnableAdapter.call(Executors.java:572)
29.10.2024 - 19:00:02 - 	at java.base/java.util.concurrent.FutureTask.run(FutureTask.java:317)
29.10.2024 - 19:00:02 - 	at java.base/java.util.concurrent.ScheduledThreadPoolExecutor$ScheduledFutureTask.run(ScheduledThreadPoolExecutor.java:304)
29.10.2024 - 19:00:02 - 	at java.base/java.util.concurrent.ThreadPoolExecutor.runWorker(ThreadPoolExecutor.java:1144)
29.10.2024 - 19:00:02 - 	at java.base/java.util.concurrent.ThreadPoolExecutor$Worker.run(ThreadPoolExecutor.java:642)
29.10.2024 - 19:00:02 - 	at java.base/java.lang.Thread.run(Thread.java:1583)
30.10.2024 - 00:00:01 - [TAB v5.0.0] Soft shutdown of thread TAB Processing Thread exceeded time limit of 500ms, forcing shutdown. This may cause issues.
30.10.2024 - 00:00:01 - [TAB v5.0.0] An error was thrown when executing task
30.10.2024 - 00:00:01 - java.lang.InterruptedException: null
30.10.2024 - 00:00:01 - 	at java.base/java.util.concurrent.locks.AbstractQueuedSynchronizer$ConditionObject.awaitNanos(AbstractQueuedSynchronizer.java:1744)
30.10.2024 - 00:00:01 - 	at java.base/java.util.concurrent.ThreadPoolExecutor.awaitTermination(ThreadPoolExecutor.java:1475)
30.10.2024 - 00:00:01 - 	at java.base/java.util.concurrent.Executors$DelegatedExecutorService.awaitTermination(Executors.java:780)
30.10.2024 - 00:00:01 - 	at me.neznamy.tab.shared.cpu.ThreadExecutor.shutdown(ThreadExecutor.java:38)
30.10.2024 - 00:00:01 - 	at me.neznamy.tab.shared.cpu.CpuManager.cancelAllTasks(CpuManager.java:78)
30.10.2024 - 00:00:01 - 	at me.neznamy.tab.shared.TAB.kill(TAB.java:229)
30.10.2024 - 00:00:01 - 	at me.neznamy.tab.shared.TAB.unload(TAB.java:217)
30.10.2024 - 00:00:01 - 	at me.neznamy.tab.platforms.velocity.VelocityTAB.lambda$onProxyShutdown$0(VelocityTAB.java:75)
30.10.2024 - 00:00:01 - 	at me.neznamy.tab.shared.cpu.CaughtTask.run(CaughtTask.java:18)
30.10.2024 - 00:00:01 - 	at java.base/java.util.concurrent.Executors$RunnableAdapter.call(Executors.java:572)
30.10.2024 - 00:00:01 - 	at java.base/java.util.concurrent.FutureTask.run(FutureTask.java:317)
30.10.2024 - 00:00:01 - 	at java.base/java.util.concurrent.ScheduledThreadPoolExecutor$ScheduledFutureTask.run(ScheduledThreadPoolExecutor.java:304)
30.10.2024 - 00:00:01 - 	at java.base/java.util.concurrent.ThreadPoolExecutor.runWorker(ThreadPoolExecutor.java:1144)
30.10.2024 - 00:00:01 - 	at java.base/java.util.concurrent.ThreadPoolExecutor$Worker.run(ThreadPoolExecutor.java:642)
30.10.2024 - 00:00:01 - 	at java.base/java.lang.Thread.run(Thread.java:1583)
30.10.2024 - 12:00:01 - [TAB v5.0.0] Soft shutdown of thread TAB Processing Thread exceeded time limit of 500ms, forcing shutdown. This may cause issues.
30.10.2024 - 12:00:01 - [TAB v5.0.0] An error was thrown when executing task
30.10.2024 - 12:00:01 - java.lang.InterruptedException: null
30.10.2024 - 12:00:01 - 	at java.base/java.util.concurrent.locks.AbstractQueuedSynchronizer$ConditionObject.awaitNanos(AbstractQueuedSynchronizer.java:1744)
30.10.2024 - 12:00:01 - 	at java.base/java.util.concurrent.ThreadPoolExecutor.awaitTermination(ThreadPoolExecutor.java:1475)
30.10.2024 - 12:00:01 - 	at java.base/java.util.concurrent.Executors$DelegatedExecutorService.awaitTermination(Executors.java:780)
30.10.2024 - 12:00:01 - 	at me.neznamy.tab.shared.cpu.ThreadExecutor.shutdown(ThreadExecutor.java:38)
30.10.2024 - 12:00:01 - 	at me.neznamy.tab.shared.cpu.CpuManager.cancelAllTasks(CpuManager.java:78)
30.10.2024 - 12:00:01 - 	at me.neznamy.tab.shared.TAB.kill(TAB.java:229)
30.10.2024 - 12:00:01 - 	at me.neznamy.tab.shared.TAB.unload(TAB.java:217)
30.10.2024 - 12:00:01 - 	at me.neznamy.tab.platforms.velocity.VelocityTAB.lambda$onProxyShutdown$0(VelocityTAB.java:75)
30.10.2024 - 12:00:01 - 	at me.neznamy.tab.shared.cpu.CaughtTask.run(CaughtTask.java:18)
30.10.2024 - 12:00:01 - 	at java.base/java.util.concurrent.Executors$RunnableAdapter.call(Executors.java:572)
30.10.2024 - 12:00:01 - 	at java.base/java.util.concurrent.FutureTask.run(FutureTask.java:317)
30.10.2024 - 12:00:01 - 	at java.base/java.util.concurrent.ScheduledThreadPoolExecutor$ScheduledFutureTask.run(ScheduledThreadPoolExecutor.java:304)
30.10.2024 - 12:00:01 - 	at java.base/java.util.concurrent.ThreadPoolExecutor.runWorker(ThreadPoolExecutor.java:1144)
30.10.2024 - 12:00:01 - 	at java.base/java.util.concurrent.ThreadPoolExecutor$Worker.run(ThreadPoolExecutor.java:642)
30.10.2024 - 12:00:01 - 	at java.base/java.lang.Thread.run(Thread.java:1583)
30.10.2024 - 14:00:01 - [TAB v5.0.0] Soft shutdown of thread TAB Processing Thread exceeded time limit of 500ms, forcing shutdown. This may cause issues.
30.10.2024 - 14:00:01 - [TAB v5.0.0] An error was thrown when executing task
30.10.2024 - 14:00:01 - java.lang.InterruptedException: null
30.10.2024 - 14:00:01 - 	at java.base/java.util.concurrent.locks.AbstractQueuedSynchronizer$ConditionObject.awaitNanos(AbstractQueuedSynchronizer.java:1744)
30.10.2024 - 14:00:01 - 	at java.base/java.util.concurrent.ThreadPoolExecutor.awaitTermination(ThreadPoolExecutor.java:1475)
30.10.2024 - 14:00:01 - 	at java.base/java.util.concurrent.Executors$DelegatedExecutorService.awaitTermination(Executors.java:780)
30.10.2024 - 14:00:01 - 	at me.neznamy.tab.shared.cpu.ThreadExecutor.shutdown(ThreadExecutor.java:38)
30.10.2024 - 14:00:01 - 	at me.neznamy.tab.shared.cpu.CpuManager.cancelAllTasks(CpuManager.java:78)
30.10.2024 - 14:00:01 - 	at me.neznamy.tab.shared.TAB.kill(TAB.java:229)
30.10.2024 - 14:00:01 - 	at me.neznamy.tab.shared.TAB.unload(TAB.java:217)
30.10.2024 - 14:00:01 - 	at me.neznamy.tab.platforms.velocity.VelocityTAB.lambda$onProxyShutdown$0(VelocityTAB.java:75)
30.10.2024 - 14:00:01 - 	at me.neznamy.tab.shared.cpu.CaughtTask.run(CaughtTask.java:18)
30.10.2024 - 14:00:01 - 	at java.base/java.util.concurrent.Executors$RunnableAdapter.call(Executors.java:572)
30.10.2024 - 14:00:01 - 	at java.base/java.util.concurrent.FutureTask.run(FutureTask.java:317)
30.10.2024 - 14:00:01 - 	at java.base/java.util.concurrent.ScheduledThreadPoolExecutor$ScheduledFutureTask.run(ScheduledThreadPoolExecutor.java:304)
30.10.2024 - 14:00:01 - 	at java.base/java.util.concurrent.ThreadPoolExecutor.runWorker(ThreadPoolExecutor.java:1144)
30.10.2024 - 14:00:01 - 	at java.base/java.util.concurrent.ThreadPoolExecutor$Worker.run(ThreadPoolExecutor.java:642)
30.10.2024 - 14:00:01 - 	at java.base/java.lang.Thread.run(Thread.java:1583)
30.10.2024 - 20:37:54 - [TAB v5.0.0] Soft shutdown of thread TAB Processing Thread exceeded time limit of 500ms, forcing shutdown. This may cause issues.
30.10.2024 - 20:37:54 - [TAB v5.0.0] An error was thrown when executing task
30.10.2024 - 20:37:54 - java.lang.InterruptedException: null
30.10.2024 - 20:37:54 - 	at java.base/java.util.concurrent.locks.AbstractQueuedSynchronizer$ConditionObject.awaitNanos(AbstractQueuedSynchronizer.java:1744)
30.10.2024 - 20:37:54 - 	at java.base/java.util.concurrent.ThreadPoolExecutor.awaitTermination(ThreadPoolExecutor.java:1475)
30.10.2024 - 20:37:54 - 	at java.base/java.util.concurrent.Executors$DelegatedExecutorService.awaitTermination(Executors.java:780)
30.10.2024 - 20:37:54 - 	at me.neznamy.tab.shared.cpu.ThreadExecutor.shutdown(ThreadExecutor.java:38)
30.10.2024 - 20:37:54 - 	at me.neznamy.tab.shared.cpu.CpuManager.cancelAllTasks(CpuManager.java:78)
30.10.2024 - 20:37:54 - 	at me.neznamy.tab.shared.TAB.kill(TAB.java:229)
30.10.2024 - 20:37:54 - 	at me.neznamy.tab.shared.TAB.unload(TAB.java:217)
30.10.2024 - 20:37:54 - 	at me.neznamy.tab.platforms.velocity.VelocityTAB.lambda$onProxyShutdown$0(VelocityTAB.java:75)
30.10.2024 - 20:37:54 - 	at me.neznamy.tab.shared.cpu.CaughtTask.run(CaughtTask.java:18)
30.10.2024 - 20:37:54 - 	at java.base/java.util.concurrent.Executors$RunnableAdapter.call(Executors.java:572)
30.10.2024 - 20:37:54 - 	at java.base/java.util.concurrent.FutureTask.run(FutureTask.java:317)
30.10.2024 - 20:37:54 - 	at java.base/java.util.concurrent.ScheduledThreadPoolExecutor$ScheduledFutureTask.run(ScheduledThreadPoolExecutor.java:304)
30.10.2024 - 20:37:54 - 	at java.base/java.util.concurrent.ThreadPoolExecutor.runWorker(ThreadPoolExecutor.java:1144)
30.10.2024 - 20:37:54 - 	at java.base/java.util.concurrent.ThreadPoolExecutor$Worker.run(ThreadPoolExecutor.java:642)
30.10.2024 - 20:37:54 - 	at java.base/java.lang.Thread.run(Thread.java:1583)
30.10.2024 - 20:45:56 - [TAB v5.0.0] Soft shutdown of thread TAB Processing Thread exceeded time limit of 500ms, forcing shutdown. This may cause issues.
30.10.2024 - 20:45:56 - [TAB v5.0.0] An error was thrown when executing task
30.10.2024 - 20:45:56 - java.lang.InterruptedException: null
30.10.2024 - 20:45:56 - 	at java.base/java.util.concurrent.locks.AbstractQueuedSynchronizer$ConditionObject.awaitNanos(AbstractQueuedSynchronizer.java:1744)
30.10.2024 - 20:45:56 - 	at java.base/java.util.concurrent.ThreadPoolExecutor.awaitTermination(ThreadPoolExecutor.java:1475)
30.10.2024 - 20:45:56 - 	at java.base/java.util.concurrent.Executors$DelegatedExecutorService.awaitTermination(Executors.java:780)
30.10.2024 - 20:45:56 - 	at me.neznamy.tab.shared.cpu.ThreadExecutor.shutdown(ThreadExecutor.java:38)
30.10.2024 - 20:45:56 - 	at me.neznamy.tab.shared.cpu.CpuManager.cancelAllTasks(CpuManager.java:78)
30.10.2024 - 20:45:56 - 	at me.neznamy.tab.shared.TAB.kill(TAB.java:229)
30.10.2024 - 20:45:56 - 	at me.neznamy.tab.shared.TAB.unload(TAB.java:217)
30.10.2024 - 20:45:56 - 	at me.neznamy.tab.platforms.velocity.VelocityTAB.lambda$onProxyShutdown$0(VelocityTAB.java:75)
30.10.2024 - 20:45:56 - 	at me.neznamy.tab.shared.cpu.CaughtTask.run(CaughtTask.java:18)
30.10.2024 - 20:45:56 - 	at java.base/java.util.concurrent.Executors$RunnableAdapter.call(Executors.java:572)
30.10.2024 - 20:45:56 - 	at java.base/java.util.concurrent.FutureTask.run(FutureTask.java:317)
30.10.2024 - 20:45:56 - 	at java.base/java.util.concurrent.ScheduledThreadPoolExecutor$ScheduledFutureTask.run(ScheduledThreadPoolExecutor.java:304)
30.10.2024 - 20:45:56 - 	at java.base/java.util.concurrent.ThreadPoolExecutor.runWorker(ThreadPoolExecutor.java:1144)
30.10.2024 - 20:45:56 - 	at java.base/java.util.concurrent.ThreadPoolExecutor$Worker.run(ThreadPoolExecutor.java:642)
30.10.2024 - 20:45:56 - 	at java.base/java.lang.Thread.run(Thread.java:1583)
